5 -7 80.6452
-1 -7 80.6452
5 -1 82.2581
-1 -1 80.6452
11 -7 83.871
11 -1 83.871
5 -13 80.6452
-1 -13 80.6452
11 -13 80.6452
-3 -7 80.6452
-3 -1 80.6452
-3 -13 80.6452
5 1 83.871
-1 1 80.6452
11 1 83.871
-3 1 80.6452
9 -7 85.4839
9 -1 83.871
9 -13 80.6452
9 1 83.871
5 -11 80.6452
-1 -11 80.6452
11 -11 82.2581
-3 -11 80.6452
9 -11 80.6452
3 -7 80.6452
3 -1 83.871
3 -13 80.6452
3 1 83.871
3 -11 80.6452
5 -5 80.6452
-1 -5 80.6452
11 -5 82.2581
-3 -5 80.6452
9 -5 83.871
3 -5 80.6452
15 -7 80.6452
15 -1 83.871
15 -13 85.4839
15 1 83.871
15 -11 85.4839
15 -5 75.8065
5 -15 80.6452
-1 -15 80.6452
11 -15 80.6452
-3 -15 80.6452
9 -15 80.6452
3 -15 80.6452
15 -15 82.2581
-5 -7 80.6452
-5 -1 80.6452
-5 -13 80.6452
-5 1 80.6452
-5 -11 80.6452
-5 -5 80.6452
-5 -15 80.6452
5 3 79.0323
-1 3 80.6452
11 3 79.0323
-3 3 80.6452
9 3 79.0323
3 3 79.0323
15 3 79.0323
-5 3 80.6452
7 -7 82.2581
7 -1 83.871
7 -13 80.6452
7 1 83.871
7 -11 80.6452
7 -5 83.871
7 -15 80.6452
7 3 79.0323
5 -9 80.6452
-1 -9 80.6452
11 -9 83.871
-3 -9 80.6452
9 -9 82.2581
3 -9 80.6452
15 -9 83.871
-5 -9 80.6452
7 -9 80.6452
1 -7 80.6452
1 -1 82.2581
1 -13 80.6452
1 1 77.4194
1 -11 80.6452
1 -5 80.6452
1 -15 80.6452
1 3 79.0323
1 -9 80.6452
5 -3 82.2581
-1 -3 80.6452
11 -3 79.0323
-3 -3 80.6452
9 -3 83.871
3 -3 80.6452
15 -3 79.0323
-5 -3 80.6452
7 -3 83.871
1 -3 80.6452
13 -7 82.2581
13 -1 83.871
13 -13 82.2581
13 1 83.871
13 -11 85.4839
13 -5 79.0323
13 -15 80.6452
13 3 79.0323
13 -9 83.871
13 -3 79.0323
