5 -7 98.1132
-1 -7 52.8302
5 -1 94.3396
-1 -1 98.1132
11 -7 94.3396
11 -1 94.3396
5 -13 52.8302
-1 -13 52.8302
11 -13 98.1132
-3 -7 52.8302
-3 -1 84.9057
-3 -13 52.8302
5 1 94.3396
-1 1 98.1132
11 1 94.3396
-3 1 81.1321
9 -7 98.1132
9 -1 94.3396
9 -13 98.1132
9 1 94.3396
5 -11 52.8302
-1 -11 52.8302
11 -11 98.1132
-3 -11 52.8302
9 -11 98.1132
3 -7 98.1132
3 -1 96.2264
3 -13 52.8302
3 1 96.2264
3 -11 52.8302
5 -5 98.1132
-1 -5 52.8302
11 -5 94.3396
-3 -5 52.8302
9 -5 94.3396
3 -5 98.1132
15 -7 94.3396
15 -1 94.3396
15 -13 98.1132
15 1 94.3396
15 -11 96.2264
15 -5 92.4528
5 -15 52.8302
-1 -15 52.8302
11 -15 98.1132
-3 -15 52.8302
9 -15 52.8302
3 -15 52.8302
15 -15 98.1132
-5 -7 52.8302
-5 -1 52.8302
-5 -13 52.8302
-5 1 52.8302
-5 -11 52.8302
-5 -5 52.8302
-5 -15 52.8302
5 3 92.4528
-1 3 86.7925
11 3 92.4528
-3 3 52.8302
9 3 92.4528
3 3 92.4528
15 3 92.4528
-5 3 52.8302
7 -7 98.1132
7 -1 94.3396
7 -13 52.8302
7 1 94.3396
7 -11 98.1132
7 -5 96.2264
7 -15 52.8302
7 3 92.4528
5 -9 98.1132
-1 -9 52.8302
11 -9 98.1132
-3 -9 52.8302
9 -9 98.1132
3 -9 52.8302
15 -9 92.4528
-5 -9 52.8302
7 -9 98.1132
1 -7 52.8302
1 -1 98.1132
1 -13 52.8302
1 1 98.1132
1 -11 52.8302
1 -5 98.1132
1 -15 52.8302
1 3 92.4528
1 -9 52.8302
5 -3 96.2264
-1 -3 96.2264
11 -3 94.3396
-3 -3 52.8302
9 -3 94.3396
3 -3 98.1132
15 -3 94.3396
-5 -3 52.8302
7 -3 94.3396
1 -3 98.1132
13 -7 94.3396
13 -1 94.3396
13 -13 98.1132
13 1 94.3396
13 -11 98.1132
13 -5 92.4528
13 -15 98.1132
13 3 92.4528
13 -9 96.2264
13 -3 94.3396
