5 -7 99.5146
-1 -7 98.0583
5 -1 98.5437
-1 -1 99.0291
11 -7 97.5728
11 -1 98.5437
5 -13 98.0583
-1 -13 68.932
11 -13 99.5146
-3 -7 68.932
-3 -1 98.0583
-3 -13 68.932
5 1 98.5437
-1 1 96.6019
11 1 98.5437
-3 1 86.4078
9 -7 99.0291
9 -1 98.5437
9 -13 99.5146
9 1 98.5437
5 -11 98.5437
-1 -11 68.932
11 -11 99.0291
-3 -11 68.932
9 -11 99.5146
3 -7 99.5146
3 -1 98.5437
3 -13 68.932
3 1 98.5437
3 -11 98.0583
5 -5 99.0291
-1 -5 98.0583
11 -5 98.5437
-3 -5 96.6019
9 -5 98.5437
3 -5 99.0291
15 -7 97.5728
15 -1 98.5437
15 -13 98.5437
15 1 98.5437
15 -11 97.5728
15 -5 98.5437
5 -15 68.932
-1 -15 68.932
11 -15 99.5146
-3 -15 68.932
9 -15 98.5437
3 -15 68.932
15 -15 99.0291
-5 -7 68.932
-5 -1 84.9515
-5 -13 68.932
-5 1 68.932
-5 -11 68.932
-5 -5 68.932
-5 -15 68.932
5 3 92.233
-1 3 86.4078
11 3 92.233
-3 3 78.6408
9 3 92.233
3 3 92.233
15 3 92.233
-5 3 68.932
7 -7 99.0291
7 -1 98.5437
7 -13 98.5437
7 1 98.5437
7 -11 99.5146
7 -5 98.5437
7 -15 98.0583
7 3 92.233
5 -9 99.5146
-1 -9 68.932
11 -9 98.5437
-3 -9 68.932
9 -9 99.0291
3 -9 98.5437
15 -9 97.5728
-5 -9 68.932
7 -9 99.5146
1 -7 98.5437
1 -1 98.5437
1 -13 68.932
1 1 98.5437
1 -11 68.932
1 -5 99.5146
1 -15 68.932
1 3 92.233
1 -9 98.0583
5 -3 98.5437
-1 -3 99.0291
11 -3 98.5437
-3 -3 98.0583
9 -3 98.5437
3 -3 99.0291
15 -3 98.5437
-5 -3 86.8932
7 -3 98.5437
1 -3 99.0291
13 -7 97.5728
13 -1 98.5437
13 -13 99.0291
13 1 98.5437
13 -11 98.5437
13 -5 98.5437
13 -15 99.5146
13 3 92.233
13 -9 97.5728
13 -3 98.5437
