5 -7 97.8682
-1 -7 61.4341
5 -1 98.2558
-1 -1 98.2558
11 -7 97.8682
11 -1 98.062
5 -13 61.6279
-1 -13 61.0465
11 -13 97.8682
-3 -7 61.0465
-3 -1 94.5736
-3 -13 61.0465
5 1 97.8682
-1 1 98.4496
11 1 97.4806
-3 1 98.062
9 -7 98.062
9 -1 97.8682
9 -13 93.9922
9 1 98.2558
5 -11 93.2171
-1 -11 61.0465
11 -11 97.6744
-3 -11 61.0465
9 -11 97.8682
3 -7 93.9922
3 -1 98.062
3 -13 61.0465
3 1 98.2558
3 -11 61.6279
5 -5 97.6744
-1 -5 93.2171
11 -5 98.2558
-3 -5 61.0465
9 -5 98.062
3 -5 97.8682
15 -7 98.2558
15 -1 98.4496
15 -13 98.062
15 1 96.124
15 -11 97.8682
15 -5 98.062
5 -15 61.0465
-1 -15 61.0465
11 -15 93.9922
-3 -15 61.0465
9 -15 93.2171
3 -15 61.0465
15 -15 97.6744
-5 -7 61.0465
-5 -1 93.2171
-5 -13 61.0465
-5 1 97.2868
-5 -11 61.0465
-5 -5 61.0465
-5 -15 61.0465
5 3 98.2558
-1 3 98.062
11 3 96.8992
-3 3 97.4806
9 3 97.093
3 3 97.8682
15 3 96.8992
-5 3 96.5116
7 -7 97.6744
7 -1 97.8682
7 -13 93.2171
7 1 98.2558
7 -11 93.9922
7 -5 97.8682
7 -15 61.6279
7 3 97.6744
5 -9 93.9922
-1 -9 61.0465
11 -9 98.062
-3 -9 61.0465
9 -9 97.6744
3 -9 93.2171
15 -9 97.8682
-5 -9 61.0465
7 -9 97.8682
1 -7 93.2171
1 -1 98.2558
1 -13 61.0465
1 1 97.8682
1 -11 61.0465
1 -5 93.9922
1 -15 61.0465
1 3 97.8682
1 -9 61.4341
5 -3 98.062
-1 -3 94.186
11 -3 97.8682
-3 -3 93.2171
9 -3 98.2558
3 -3 97.6744
15 -3 98.062
-5 -3 61.0465
7 -3 98.062
1 -3 97.8682
13 -7 97.8682
13 -1 98.4496
13 -13 97.6744
13 1 96.7054
13 -11 98.062
13 -5 98.2558
13 -15 97.8682
13 3 97.093
13 -9 97.8682
13 -3 97.8682
