5 -7 92.1429
-1 -7 68.5714
5 -1 93.5714
-1 -1 94.2857
11 -7 94.2857
11 -1 95.0
5 -13 68.5714
-1 -13 68.5714
11 -13 92.1429
-3 -7 68.5714
-3 -1 92.8571
-3 -13 68.5714
5 1 92.8571
-1 1 95.7143
11 1 93.5714
-3 1 96.4286
9 -7 95.0
9 -1 92.8571
9 -13 92.1429
9 1 92.1429
5 -11 71.4286
-1 -11 68.5714
11 -11 93.5714
-3 -11 68.5714
9 -11 92.1429
3 -7 92.8571
3 -1 95.0
3 -13 68.5714
3 1 93.5714
3 -11 68.5714
5 -5 93.5714
-1 -5 71.4286
11 -5 93.5714
-3 -5 68.5714
9 -5 93.5714
3 -5 92.1429
15 -7 92.8571
15 -1 95.0
15 -13 95.0
15 1 93.5714
15 -11 94.2857
15 -5 92.8571
5 -15 68.5714
-1 -15 68.5714
11 -15 92.1429
-3 -15 68.5714
9 -15 71.4286
3 -15 68.5714
15 -15 93.5714
-5 -7 68.5714
-5 -1 68.5714
-5 -13 68.5714
-5 1 68.5714
-5 -11 68.5714
-5 -5 68.5714
-5 -15 68.5714
5 3 92.8571
-1 3 95.0
11 3 92.1429
-3 3 93.5714
9 3 92.1429
3 3 92.8571
15 3 92.1429
-5 3 68.5714
7 -7 93.5714
7 -1 93.5714
7 -13 71.4286
7 1 92.8571
7 -11 92.1429
7 -5 95.0
7 -15 68.5714
7 3 92.8571
5 -9 92.1429
-1 -9 68.5714
11 -9 95.0
-3 -9 68.5714
9 -9 93.5714
3 -9 71.4286
15 -9 94.2857
-5 -9 68.5714
7 -9 92.1429
1 -7 71.4286
1 -1 95.0
1 -13 68.5714
1 1 95.0
1 -11 68.5714
1 -5 92.8571
1 -15 68.5714
1 3 93.5714
1 -9 68.5714
5 -3 94.2857
-1 -3 92.8571
11 -3 92.8571
-3 -3 68.5714
9 -3 93.5714
3 -3 95.0
15 -3 95.0
-5 -3 68.5714
7 -3 94.2857
1 -3 92.8571
13 -7 94.2857
13 -1 95.0
13 -13 93.5714
13 1 93.5714
13 -11 95.0
13 -5 92.8571
13 -15 92.1429
13 3 92.1429
13 -9 94.2857
13 -3 92.8571
