5 -7 99.36
-1 -7 98.68
5 -1 99.24
-1 -1 99.32
11 -7 99.44
11 -1 99.24
5 -13 98.68
-1 -13 63.72
11 -13 99.28
-3 -7 98.28
-3 -1 99.32
-3 -13 63.72
5 1 98.76
-1 1 97.92
11 1 98.76
-3 1 92.96
9 -7 99.36
9 -1 99.24
9 -13 99.28
9 1 98.76
5 -11 98.96
-1 -11 97.0
11 -11 99.32
-3 -11 63.72
9 -11 99.28
3 -7 99.32
3 -1 99.32
3 -13 98.28
3 1 98.8
3 -11 98.68
5 -5 99.36
-1 -5 99.08
11 -5 99.16
-3 -5 98.76
9 -5 99.32
3 -5 99.32
15 -7 99.16
15 -1 99.24
15 -13 99.24
15 1 98.76
15 -11 99.2
15 -5 98.76
5 -15 98.28
-1 -15 63.72
11 -15 99.28
-3 -15 63.72
9 -15 98.96
3 -15 97.0
15 -15 99.28
-5 -7 96.92
-5 -1 99.16
-5 -13 63.72
-5 1 63.96
-5 -11 63.72
-5 -5 98.2
-5 -15 63.72
5 3 95.32
-1 3 91.28
11 3 95.32
-3 3 64.12
9 3 95.32
3 3 95.32
15 3 95.32
-5 3 63.72
7 -7 99.32
7 -1 99.2
7 -13 98.96
7 1 98.76
7 -11 99.28
7 -5 99.48
7 -15 98.68
7 3 95.32
5 -9 99.28
-1 -9 98.28
11 -9 99.24
-3 -9 96.96
9 -9 99.32
3 -9 98.96
15 -9 99.44
-5 -9 63.72
7 -9 99.28
1 -7 99.04
1 -1 99.36
1 -13 97.0
1 1 98.8
1 -11 98.28
1 -5 99.28
1 -15 63.72
1 3 95.36
1 -9 98.68
5 -3 99.36
-1 -3 99.32
11 -3 99.04
-3 -3 99.24
9 -3 99.16
3 -3 99.4
15 -3 99.04
-5 -3 98.84
7 -3 99.2
1 -3 99.36
13 -7 99.28
13 -1 99.24
13 -13 99.28
13 1 98.76
13 -11 99.28
13 -5 98.88
13 -15 99.28
13 3 95.32
13 -9 99.36
13 -3 99.04
